[debug] [2019-08-16T23:07:42.966Z] ----------------------------------------------------------------------
[debug] [2019-08-16T23:07:42.968Z] Command:       /usr/bin/node /usr/bin/firebase serve
[debug] [2019-08-16T23:07:42.969Z] CLI Version:   7.2.2
[debug] [2019-08-16T23:07:42.969Z] Platform:      linux
[debug] [2019-08-16T23:07:42.969Z] Node Version:  v10.16.2
[debug] [2019-08-16T23:07:42.969Z] Time:          Fri Aug 16 2019 18:07:42 GMT-0500 (GMT-05:00)
[debug] [2019-08-16T23:07:42.969Z] ----------------------------------------------------------------------
[debug] 
[debug] [2019-08-16T23:07:42.976Z] > command requires scopes: ["email","openid","https://www.googleapis.com/auth/cloudplatformprojects.readonly","https://www.googleapis.com/auth/firebase","https://www.googleapis.com/auth/cloud-platform"]
[debug] [2019-08-16T23:07:42.976Z] > authorizing via signed-in user
[debug] [2019-08-16T23:07:42.976Z] [iam] checking project red-social-270ac for permissions ["firebase.projects.get"]
[debug] [2019-08-16T23:07:42.978Z] >>> HTTP REQUEST POST https://cloudresourcemanager.googleapis.com/v1/projects/red-social-270ac:testIamPermissions  

[debug] [2019-08-16T23:07:43.361Z] <<< HTTP RESPONSE 200
[debug] [2019-08-16T23:07:43.367Z] >>> HTTP REQUEST GET https://firebase.googleapis.com/v1beta1/projects/red-social-270ac  
 
[debug] [2019-08-16T23:07:43.612Z] <<< HTTP RESPONSE 200
[info] 
[info] === Serving from '/home/rebe_laboratoria/Rebeca_repositorios/MEX008-social-network'...
[info] 
[debug] [2019-08-16T23:07:43.615Z] >>> HTTP REQUEST GET https://firebase.googleapis.com/v1beta1/projects/red-social-270ac/webApps/-/config  
 
[debug] [2019-08-16T23:07:44.022Z] <<< HTTP RESPONSE 200
[info] i  hosting: Serving hosting files from: src
[info] ✔  hosting: Local server: http://localhost:5000
[debug] [2019-08-16T23:13:08.560Z] ----------------------------------------------------------------------
[debug] [2019-08-16T23:13:08.562Z] Command:       /usr/bin/node /usr/bin/firebase serve
[debug] [2019-08-16T23:13:08.562Z] CLI Version:   7.2.2
[debug] [2019-08-16T23:13:08.562Z] Platform:      linux
[debug] [2019-08-16T23:13:08.562Z] Node Version:  v10.16.2
[debug] [2019-08-16T23:13:08.563Z] Time:          Fri Aug 16 2019 18:13:08 GMT-0500 (GMT-05:00)
[debug] [2019-08-16T23:13:08.563Z] ----------------------------------------------------------------------
[debug] 
[debug] [2019-08-16T23:13:08.569Z] > command requires scopes: ["email","openid","https://www.googleapis.com/auth/cloudplatformprojects.readonly","https://www.googleapis.com/auth/firebase","https://www.googleapis.com/auth/cloud-platform"]
[debug] [2019-08-16T23:13:08.569Z] > authorizing via signed-in user
[debug] [2019-08-16T23:13:08.569Z] [iam] checking project red-social-270ac for permissions ["firebase.projects.get"]
[debug] [2019-08-16T23:13:08.571Z] >>> HTTP REQUEST POST https://cloudresourcemanager.googleapis.com/v1/projects/red-social-270ac:testIamPermissions  

[debug] [2019-08-16T23:13:08.926Z] <<< HTTP RESPONSE 200
[debug] [2019-08-16T23:13:08.931Z] >>> HTTP REQUEST GET https://firebase.googleapis.com/v1beta1/projects/red-social-270ac  
 
[debug] [2019-08-16T23:13:09.294Z] <<< HTTP RESPONSE 200
[info] 
[info] === Serving from '/home/rebe_laboratoria/Rebeca_repositorios/MEX008-social-network'...
[info] 
[debug] [2019-08-16T23:13:09.299Z] >>> HTTP REQUEST GET https://firebase.googleapis.com/v1beta1/projects/red-social-270ac/webApps/-/config  
 
[debug] [2019-08-16T23:13:09.555Z] <<< HTTP RESPONSE 200
[info] i  hosting: Serving hosting files from: src
[info] ✔  hosting: Local server: http://localhost:5000
[debug] [2019-08-16T23:41:22.512Z] ----------------------------------------------------------------------
[debug] [2019-08-16T23:41:22.515Z] Command:       /usr/bin/node /usr/bin/firebase serve
[debug] [2019-08-16T23:41:22.515Z] CLI Version:   7.2.2
[debug] [2019-08-16T23:41:22.515Z] Platform:      linux
[debug] [2019-08-16T23:41:22.515Z] Node Version:  v10.16.2
[debug] [2019-08-16T23:41:22.520Z] Time:          Fri Aug 16 2019 18:41:22 GMT-0500 (GMT-05:00)
[debug] [2019-08-16T23:41:22.520Z] ----------------------------------------------------------------------
[debug] 
[debug] [2019-08-16T23:41:22.528Z] > command requires scopes: ["email","openid","https://www.googleapis.com/auth/cloudplatformprojects.readonly","https://www.googleapis.com/auth/firebase","https://www.googleapis.com/auth/cloud-platform"]
[debug] [2019-08-16T23:41:22.529Z] > authorizing via signed-in user
[debug] [2019-08-16T23:41:22.529Z] [iam] checking project red-social-270ac for permissions ["firebase.projects.get"]
[debug] [2019-08-16T23:41:22.531Z] > refreshing access token with scopes: ["email","https://www.googleapis.com/auth/cloud-platform","https://www.googleapis.com/auth/cloudplatformprojects.readonly","https://www.googleapis.com/auth/firebase","openid"]
[debug] [2019-08-16T23:41:22.531Z] >>> HTTP REQUEST POST https://www.googleapis.com/oauth2/v3/token  
 <request body omitted>
[debug] [2019-08-16T23:41:22.755Z] <<< HTTP RESPONSE 200
[debug] [2019-08-16T23:41:22.762Z] >>> HTTP REQUEST POST https://cloudresourcemanager.googleapis.com/v1/projects/red-social-270ac:testIamPermissions  

[debug] [2019-08-16T23:41:23.141Z] <<< HTTP RESPONSE 200
[debug] [2019-08-16T23:41:23.144Z] >>> HTTP REQUEST GET https://firebase.googleapis.com/v1beta1/projects/red-social-270ac  
 
[debug] [2019-08-16T23:41:23.383Z] <<< HTTP RESPONSE 200
[info] 
[info] === Serving from '/home/rebe_laboratoria/Rebeca_repositorios/MEX008-social-network'...
[info] 
[debug] [2019-08-16T23:41:23.391Z] >>> HTTP REQUEST GET https://firebase.googleapis.com/v1beta1/projects/red-social-270ac/webApps/-/config  
 
[debug] [2019-08-16T23:41:23.678Z] <<< HTTP RESPONSE 200
[info] i  hosting: Serving hosting files from: src
[info] ✔  hosting: Local server: http://localhost:5000
[debug] [2019-08-17T00:32:48.899Z] ----------------------------------------------------------------------
[debug] [2019-08-17T00:32:48.901Z] Command:       /usr/bin/node /usr/bin/firebase serve
[debug] [2019-08-17T00:32:48.901Z] CLI Version:   7.2.2
[debug] [2019-08-17T00:32:48.901Z] Platform:      linux
[debug] [2019-08-17T00:32:48.901Z] Node Version:  v10.16.2
[debug] [2019-08-17T00:32:48.907Z] Time:          Fri Aug 16 2019 19:32:48 GMT-0500 (GMT-05:00)
[debug] [2019-08-17T00:32:48.907Z] ----------------------------------------------------------------------
[debug] 
[debug] [2019-08-17T00:32:48.915Z] > command requires scopes: ["email","openid","https://www.googleapis.com/auth/cloudplatformprojects.readonly","https://www.googleapis.com/auth/firebase","https://www.googleapis.com/auth/cloud-platform"]
[debug] [2019-08-17T00:32:48.915Z] > authorizing via signed-in user
[debug] [2019-08-17T00:32:48.915Z] [iam] checking project red-social-270ac for permissions ["firebase.projects.get"]
[debug] [2019-08-17T00:32:48.917Z] > refreshing access token with scopes: ["email","https://www.googleapis.com/auth/cloud-platform","https://www.googleapis.com/auth/cloudplatformprojects.readonly","https://www.googleapis.com/auth/firebase","openid"]
[debug] [2019-08-17T00:32:48.917Z] >>> HTTP REQUEST POST https://www.googleapis.com/oauth2/v3/token  
 <request body omitted>
[debug] [2019-08-17T00:32:49.125Z] <<< HTTP RESPONSE 200
[debug] [2019-08-17T00:32:49.131Z] >>> HTTP REQUEST POST https://cloudresourcemanager.googleapis.com/v1/projects/red-social-270ac:testIamPermissions  

[debug] [2019-08-17T00:32:49.544Z] <<< HTTP RESPONSE 200
[debug] [2019-08-17T00:32:49.550Z] >>> HTTP REQUEST GET https://firebase.googleapis.com/v1beta1/projects/red-social-270ac  
 
[debug] [2019-08-17T00:32:49.868Z] <<< HTTP RESPONSE 200
[info] 
[info] === Serving from '/home/rebe_laboratoria/Rebeca_repositorios/MEX008-social-network'...
[info] 
[debug] [2019-08-17T00:32:49.876Z] >>> HTTP REQUEST GET https://firebase.googleapis.com/v1beta1/projects/red-social-270ac/webApps/-/config  
 
[debug] [2019-08-17T00:32:50.272Z] <<< HTTP RESPONSE 200
[warn] ⚠  hosting: Port 5000 is not available. Trying another port...
[info] i  hosting: Serving hosting files from: src
[info] ✔  hosting: Local server: http://localhost:5005
[debug] [2019-08-17T04:30:48.672Z] ----------------------------------------------------------------------
[debug] [2019-08-17T04:30:48.675Z] Command:       /usr/bin/node /usr/bin/firebase serve
[debug] [2019-08-17T04:30:48.675Z] CLI Version:   7.2.2
[debug] [2019-08-17T04:30:48.675Z] Platform:      linux
[debug] [2019-08-17T04:30:48.675Z] Node Version:  v10.16.2
[debug] [2019-08-17T04:30:48.676Z] Time:          Fri Aug 16 2019 23:30:48 GMT-0500 (GMT-05:00)
[debug] [2019-08-17T04:30:48.676Z] ----------------------------------------------------------------------
[debug] 
[debug] [2019-08-17T04:30:48.683Z] > command requires scopes: ["email","openid","https://www.googleapis.com/auth/cloudplatformprojects.readonly","https://www.googleapis.com/auth/firebase","https://www.googleapis.com/auth/cloud-platform"]
[debug] [2019-08-17T04:30:48.684Z] > authorizing via signed-in user
[debug] [2019-08-17T04:30:48.684Z] [iam] checking project red-social-270ac for permissions ["firebase.projects.get"]
[debug] [2019-08-17T04:30:48.686Z] > refreshing access token with scopes: ["email","https://www.googleapis.com/auth/cloud-platform","https://www.googleapis.com/auth/cloudplatformprojects.readonly","https://www.googleapis.com/auth/firebase","openid"]
[debug] [2019-08-17T04:30:48.686Z] >>> HTTP REQUEST POST https://www.googleapis.com/oauth2/v3/token  
 <request body omitted>
[debug] [2019-08-17T04:30:48.878Z] <<< HTTP RESPONSE 200
[debug] [2019-08-17T04:30:48.883Z] >>> HTTP REQUEST POST https://cloudresourcemanager.googleapis.com/v1/projects/red-social-270ac:testIamPermissions  

[debug] [2019-08-17T04:30:49.283Z] <<< HTTP RESPONSE 200
[debug] [2019-08-17T04:30:49.284Z] >>> HTTP REQUEST GET https://firebase.googleapis.com/v1beta1/projects/red-social-270ac  
 
[debug] [2019-08-17T04:30:49.547Z] <<< HTTP RESPONSE 200
[info] 
[info] === Serving from '/home/rebe_laboratoria/Rebeca_repositorios/MEX008-social-network'...
[info] 
[debug] [2019-08-17T04:30:49.553Z] >>> HTTP REQUEST GET https://firebase.googleapis.com/v1beta1/projects/red-social-270ac/webApps/-/config  
 
[debug] [2019-08-17T04:30:49.894Z] <<< HTTP RESPONSE 200
[info] i  hosting: Serving hosting files from: src
[info] ✔  hosting: Local server: http://localhost:5000
[debug] [2019-08-18T02:13:23.663Z] ----------------------------------------------------------------------
[debug] [2019-08-18T02:13:23.665Z] Command:       /usr/bin/node /usr/bin/firebase serve
[debug] [2019-08-18T02:13:23.666Z] CLI Version:   7.2.2
[debug] [2019-08-18T02:13:23.666Z] Platform:      linux
[debug] [2019-08-18T02:13:23.666Z] Node Version:  v10.16.2
[debug] [2019-08-18T02:13:23.666Z] Time:          Sat Aug 17 2019 21:13:23 GMT-0500 (GMT-05:00)
[debug] [2019-08-18T02:13:23.666Z] ----------------------------------------------------------------------
[debug] 
[debug] [2019-08-18T02:13:23.677Z] > command requires scopes: ["email","openid","https://www.googleapis.com/auth/cloudplatformprojects.readonly","https://www.googleapis.com/auth/firebase","https://www.googleapis.com/auth/cloud-platform"]
[debug] [2019-08-18T02:13:23.677Z] > authorizing via signed-in user
[debug] [2019-08-18T02:13:23.677Z] [iam] checking project red-social-270ac for permissions ["firebase.projects.get"]
[debug] [2019-08-18T02:13:23.679Z] > refreshing access token with scopes: ["email","https://www.googleapis.com/auth/cloud-platform","https://www.googleapis.com/auth/cloudplatformprojects.readonly","https://www.googleapis.com/auth/firebase","openid"]
[debug] [2019-08-18T02:13:23.679Z] >>> HTTP REQUEST POST https://www.googleapis.com/oauth2/v3/token  
 <request body omitted>
[debug] [2019-08-18T02:13:23.849Z] <<< HTTP RESPONSE 200
[debug] [2019-08-18T02:13:23.860Z] >>> HTTP REQUEST POST https://cloudresourcemanager.googleapis.com/v1/projects/red-social-270ac:testIamPermissions  

[debug] [2019-08-18T02:13:24.246Z] <<< HTTP RESPONSE 200
[debug] [2019-08-18T02:13:24.250Z] >>> HTTP REQUEST GET https://firebase.googleapis.com/v1beta1/projects/red-social-270ac  
 
[debug] [2019-08-18T02:13:24.534Z] <<< HTTP RESPONSE 200
[info] 
[info] === Serving from '/home/rebe_laboratoria/Rebeca_repositorios/MEX008-social-network'...
[info] 
[debug] [2019-08-18T02:13:24.541Z] >>> HTTP REQUEST GET https://firebase.googleapis.com/v1beta1/projects/red-social-270ac/webApps/-/config  
 
[debug] [2019-08-18T02:13:24.786Z] <<< HTTP RESPONSE 200
[info] i  hosting: Serving hosting files from: src
[info] ✔  hosting: Local server: http://localhost:5000
[debug] [2019-08-18T02:14:21.098Z] ----------------------------------------------------------------------
[debug] [2019-08-18T02:14:21.100Z] Command:       /usr/bin/node /usr/bin/firebase serve
[debug] [2019-08-18T02:14:21.100Z] CLI Version:   7.2.2
[debug] [2019-08-18T02:14:21.100Z] Platform:      linux
[debug] [2019-08-18T02:14:21.100Z] Node Version:  v10.16.2
[debug] [2019-08-18T02:14:21.101Z] Time:          Sat Aug 17 2019 21:14:21 GMT-0500 (GMT-05:00)
[debug] [2019-08-18T02:14:21.101Z] ----------------------------------------------------------------------
[debug] 
[debug] [2019-08-18T02:14:21.107Z] > command requires scopes: ["email","openid","https://www.googleapis.com/auth/cloudplatformprojects.readonly","https://www.googleapis.com/auth/firebase","https://www.googleapis.com/auth/cloud-platform"]
[debug] [2019-08-18T02:14:21.107Z] > authorizing via signed-in user
[debug] [2019-08-18T02:14:21.107Z] [iam] checking project red-social-270ac for permissions ["firebase.projects.get"]
[debug] [2019-08-18T02:14:21.109Z] >>> HTTP REQUEST POST https://cloudresourcemanager.googleapis.com/v1/projects/red-social-270ac:testIamPermissions  

[debug] [2019-08-18T02:14:21.465Z] <<< HTTP RESPONSE 200
[debug] [2019-08-18T02:14:21.467Z] >>> HTTP REQUEST GET https://firebase.googleapis.com/v1beta1/projects/red-social-270ac  
 
[debug] [2019-08-18T02:14:21.702Z] <<< HTTP RESPONSE 200
[info] 
[info] === Serving from '/home/rebe_laboratoria/Rebeca_repositorios/MEX008-social-network'...
[info] 
[debug] [2019-08-18T02:14:21.710Z] >>> HTTP REQUEST GET https://firebase.googleapis.com/v1beta1/projects/red-social-270ac/webApps/-/config  
 
[debug] [2019-08-18T02:14:21.978Z] <<< HTTP RESPONSE 200
[info] i  hosting: Serving hosting files from: src
[info] ✔  hosting: Local server: http://localhost:5000
[debug] [2019-08-18T02:20:22.729Z] ----------------------------------------------------------------------
[debug] [2019-08-18T02:20:22.732Z] Command:       /usr/bin/node /usr/bin/firebase serve
[debug] [2019-08-18T02:20:22.733Z] CLI Version:   7.2.2
[debug] [2019-08-18T02:20:22.733Z] Platform:      linux
[debug] [2019-08-18T02:20:22.733Z] Node Version:  v10.16.2
[debug] [2019-08-18T02:20:22.733Z] Time:          Sat Aug 17 2019 21:20:22 GMT-0500 (GMT-05:00)
[debug] [2019-08-18T02:20:22.733Z] ----------------------------------------------------------------------
[debug] 
[debug] [2019-08-18T02:20:22.739Z] > command requires scopes: ["email","openid","https://www.googleapis.com/auth/cloudplatformprojects.readonly","https://www.googleapis.com/auth/firebase","https://www.googleapis.com/auth/cloud-platform"]
[debug] [2019-08-18T02:20:22.739Z] > authorizing via signed-in user
[debug] [2019-08-18T02:20:22.739Z] [iam] checking project red-social-270ac for permissions ["firebase.projects.get"]
[debug] [2019-08-18T02:20:22.741Z] >>> HTTP REQUEST POST https://cloudresourcemanager.googleapis.com/v1/projects/red-social-270ac:testIamPermissions  

[debug] [2019-08-18T02:20:23.094Z] <<< HTTP RESPONSE 200
[debug] [2019-08-18T02:20:23.097Z] >>> HTTP REQUEST GET https://firebase.googleapis.com/v1beta1/projects/red-social-270ac  
 
[debug] [2019-08-18T02:20:23.345Z] <<< HTTP RESPONSE 200
[info] 
[info] === Serving from '/home/rebe_laboratoria/Rebeca_repositorios/MEX008-social-network'...
[info] 
[debug] [2019-08-18T02:20:23.354Z] >>> HTTP REQUEST GET https://firebase.googleapis.com/v1beta1/projects/red-social-270ac/webApps/-/config  
 
[debug] [2019-08-18T02:20:23.570Z] <<< HTTP RESPONSE 200
[info] i  hosting: Serving hosting files from: src
[info] ✔  hosting: Local server: http://localhost:5000
[debug] [2019-08-18T18:11:27.377Z] ----------------------------------------------------------------------
[debug] [2019-08-18T18:11:27.380Z] Command:       /usr/bin/node /usr/bin/firebase serve
[debug] [2019-08-18T18:11:27.380Z] CLI Version:   7.2.2
[debug] [2019-08-18T18:11:27.380Z] Platform:      linux
[debug] [2019-08-18T18:11:27.380Z] Node Version:  v10.16.2
[debug] [2019-08-18T18:11:27.380Z] Time:          Sun Aug 18 2019 13:11:27 GMT-0500 (GMT-05:00)
[debug] [2019-08-18T18:11:27.380Z] ----------------------------------------------------------------------
[debug] 
[debug] [2019-08-18T18:11:27.389Z] > command requires scopes: ["email","openid","https://www.googleapis.com/auth/cloudplatformprojects.readonly","https://www.googleapis.com/auth/firebase","https://www.googleapis.com/auth/cloud-platform"]
[debug] [2019-08-18T18:11:27.390Z] > authorizing via signed-in user
[debug] [2019-08-18T18:11:27.390Z] [iam] checking project red-social-270ac for permissions ["firebase.projects.get"]
[debug] [2019-08-18T18:11:27.392Z] >>> HTTP REQUEST POST https://cloudresourcemanager.googleapis.com/v1/projects/red-social-270ac:testIamPermissions  

[debug] [2019-08-18T18:11:27.891Z] <<< HTTP RESPONSE 200
[debug] [2019-08-18T18:11:27.895Z] >>> HTTP REQUEST GET https://firebase.googleapis.com/v1beta1/projects/red-social-270ac  
 
[debug] [2019-08-18T18:11:28.181Z] <<< HTTP RESPONSE 200
[info] 
[info] === Serving from '/home/rebe_laboratoria/Rebeca_repositorios/MEX008-social-network'...
[info] 
[debug] [2019-08-18T18:11:28.186Z] >>> HTTP REQUEST GET https://firebase.googleapis.com/v1beta1/projects/red-social-270ac/webApps/-/config  
 
[debug] [2019-08-18T18:11:28.548Z] <<< HTTP RESPONSE 200
[info] i  hosting: Serving hosting files from: src
[info] ✔  hosting: Local server: http://localhost:5000
[debug] [2019-08-18T19:41:54.222Z] ----------------------------------------------------------------------
[debug] [2019-08-18T19:41:54.224Z] Command:       /usr/bin/node /usr/bin/firebase serve
[debug] [2019-08-18T19:41:54.224Z] CLI Version:   7.2.2
[debug] [2019-08-18T19:41:54.224Z] Platform:      linux
[debug] [2019-08-18T19:41:54.224Z] Node Version:  v10.16.2
[debug] [2019-08-18T19:41:54.228Z] Time:          Sun Aug 18 2019 14:41:54 GMT-0500 (GMT-05:00)
[debug] [2019-08-18T19:41:54.229Z] ----------------------------------------------------------------------
[debug] 
[debug] [2019-08-18T19:41:54.237Z] > command requires scopes: ["email","openid","https://www.googleapis.com/auth/cloudplatformprojects.readonly","https://www.googleapis.com/auth/firebase","https://www.googleapis.com/auth/cloud-platform"]
[debug] [2019-08-18T19:41:54.237Z] > authorizing via signed-in user
[debug] [2019-08-18T19:41:54.237Z] [iam] checking project red-social-270ac for permissions ["firebase.projects.get"]
[debug] [2019-08-18T19:41:54.239Z] > refreshing access token with scopes: ["email","https://www.googleapis.com/auth/cloud-platform","https://www.googleapis.com/auth/cloudplatformprojects.readonly","https://www.googleapis.com/auth/firebase","openid"]
[debug] [2019-08-18T19:41:54.239Z] >>> HTTP REQUEST POST https://www.googleapis.com/oauth2/v3/token  
 <request body omitted>
[debug] [2019-08-18T19:41:54.452Z] <<< HTTP RESPONSE 200
[debug] [2019-08-18T19:41:54.457Z] >>> HTTP REQUEST POST https://cloudresourcemanager.googleapis.com/v1/projects/red-social-270ac:testIamPermissions  

[debug] [2019-08-18T19:41:54.841Z] <<< HTTP RESPONSE 200
[debug] [2019-08-18T19:41:54.847Z] >>> HTTP REQUEST GET https://firebase.googleapis.com/v1beta1/projects/red-social-270ac  
 
[debug] [2019-08-18T19:41:55.168Z] <<< HTTP RESPONSE 200
[info] 
[info] === Serving from '/home/rebe_laboratoria/Rebeca_repositorios/MEX008-social-network'...
[info] 
[debug] [2019-08-18T19:41:55.175Z] >>> HTTP REQUEST GET https://firebase.googleapis.com/v1beta1/projects/red-social-270ac/webApps/-/config  
 
[debug] [2019-08-18T19:41:55.395Z] <<< HTTP RESPONSE 200
[info] i  hosting: Serving hosting files from: src
[info] ✔  hosting: Local server: http://localhost:5000
[debug] [2019-08-19T00:46:42.300Z] ----------------------------------------------------------------------
[debug] [2019-08-19T00:46:42.302Z] Command:       /usr/bin/node /usr/bin/firebase serve
[debug] [2019-08-19T00:46:42.303Z] CLI Version:   7.2.2
[debug] [2019-08-19T00:46:42.303Z] Platform:      linux
[debug] [2019-08-19T00:46:42.303Z] Node Version:  v10.16.2
[debug] [2019-08-19T00:46:42.303Z] Time:          Sun Aug 18 2019 19:46:42 GMT-0500 (GMT-05:00)
[debug] [2019-08-19T00:46:42.303Z] ----------------------------------------------------------------------
[debug] 
[debug] [2019-08-19T00:46:42.310Z] > command requires scopes: ["email","openid","https://www.googleapis.com/auth/cloudplatformprojects.readonly","https://www.googleapis.com/auth/firebase","https://www.googleapis.com/auth/cloud-platform"]
[debug] [2019-08-19T00:46:42.310Z] > authorizing via signed-in user
[debug] [2019-08-19T00:46:42.311Z] [iam] checking project red-social-270ac for permissions ["firebase.projects.get"]
[debug] [2019-08-19T00:46:42.312Z] > refreshing access token with scopes: ["email","https://www.googleapis.com/auth/cloud-platform","https://www.googleapis.com/auth/cloudplatformprojects.readonly","https://www.googleapis.com/auth/firebase","openid"]
[debug] [2019-08-19T00:46:42.312Z] >>> HTTP REQUEST POST https://www.googleapis.com/oauth2/v3/token  
 <request body omitted>
[debug] [2019-08-19T00:46:42.483Z] <<< HTTP RESPONSE 200
[debug] [2019-08-19T00:46:42.489Z] >>> HTTP REQUEST POST https://cloudresourcemanager.googleapis.com/v1/projects/red-social-270ac:testIamPermissions  

[debug] [2019-08-19T00:46:42.960Z] <<< HTTP RESPONSE 200
[debug] [2019-08-19T00:46:42.964Z] >>> HTTP REQUEST GET https://firebase.googleapis.com/v1beta1/projects/red-social-270ac  
 
[debug] [2019-08-19T00:46:43.280Z] <<< HTTP RESPONSE 200
[info] 
[info] === Serving from '/home/rebe_laboratoria/Red_Social_V11'...
[info] 
[debug] [2019-08-19T00:46:43.286Z] >>> HTTP REQUEST GET https://firebase.googleapis.com/v1beta1/projects/red-social-270ac/webApps/-/config  
 
[debug] [2019-08-19T00:46:43.612Z] <<< HTTP RESPONSE 200
[info] i  hosting: Serving hosting files from: src
[info] ✔  hosting: Local server: http://localhost:5000
[debug] [2019-08-19T00:57:37.064Z] ----------------------------------------------------------------------
[debug] [2019-08-19T00:57:37.066Z] Command:       /usr/bin/node /usr/bin/firebase serve
[debug] [2019-08-19T00:57:37.067Z] CLI Version:   7.2.2
[debug] [2019-08-19T00:57:37.067Z] Platform:      linux
[debug] [2019-08-19T00:57:37.067Z] Node Version:  v10.16.2
[debug] [2019-08-19T00:57:37.067Z] Time:          Sun Aug 18 2019 19:57:37 GMT-0500 (GMT-05:00)
[debug] [2019-08-19T00:57:37.067Z] ----------------------------------------------------------------------
[debug] 
[debug] [2019-08-19T00:57:37.073Z] > command requires scopes: ["email","openid","https://www.googleapis.com/auth/cloudplatformprojects.readonly","https://www.googleapis.com/auth/firebase","https://www.googleapis.com/auth/cloud-platform"]
[debug] [2019-08-19T00:57:37.074Z] > authorizing via signed-in user
[debug] [2019-08-19T00:57:37.074Z] [iam] checking project red-social-270ac for permissions ["firebase.projects.get"]
[debug] [2019-08-19T00:57:37.075Z] >>> HTTP REQUEST POST https://cloudresourcemanager.googleapis.com/v1/projects/red-social-270ac:testIamPermissions  

[debug] [2019-08-19T00:57:37.697Z] <<< HTTP RESPONSE 200
[debug] [2019-08-19T00:57:37.699Z] >>> HTTP REQUEST GET https://firebase.googleapis.com/v1beta1/projects/red-social-270ac  
 
[debug] [2019-08-19T00:57:37.930Z] <<< HTTP RESPONSE 200
[info] 
[info] === Serving from '/home/rebe_laboratoria/Red_Social_V11'...
[info] 
[debug] [2019-08-19T00:57:37.935Z] >>> HTTP REQUEST GET https://firebase.googleapis.com/v1beta1/projects/red-social-270ac/webApps/-/config  
 
[debug] [2019-08-19T00:57:38.167Z] <<< HTTP RESPONSE 200
[info] i  hosting: Serving hosting files from: src
[info] ✔  hosting: Local server: http://localhost:5000
[debug] [2019-08-19T01:03:22.342Z] ----------------------------------------------------------------------
[debug] [2019-08-19T01:03:22.344Z] Command:       /usr/bin/node /usr/bin/firebase serve
[debug] [2019-08-19T01:03:22.345Z] CLI Version:   7.2.2
[debug] [2019-08-19T01:03:22.345Z] Platform:      linux
[debug] [2019-08-19T01:03:22.345Z] Node Version:  v10.16.2
[debug] [2019-08-19T01:03:22.345Z] Time:          Sun Aug 18 2019 20:03:22 GMT-0500 (GMT-05:00)
[debug] [2019-08-19T01:03:22.345Z] ----------------------------------------------------------------------
[debug] 
[debug] [2019-08-19T01:03:22.352Z] > command requires scopes: ["email","openid","https://www.googleapis.com/auth/cloudplatformprojects.readonly","https://www.googleapis.com/auth/firebase","https://www.googleapis.com/auth/cloud-platform"]
[debug] [2019-08-19T01:03:22.352Z] > authorizing via signed-in user
[debug] [2019-08-19T01:03:22.352Z] [iam] checking project red-social-270ac for permissions ["firebase.projects.get"]
[debug] [2019-08-19T01:03:22.354Z] >>> HTTP REQUEST POST https://cloudresourcemanager.googleapis.com/v1/projects/red-social-270ac:testIamPermissions  

[debug] [2019-08-19T01:03:22.794Z] <<< HTTP RESPONSE 200
[debug] [2019-08-19T01:03:22.796Z] >>> HTTP REQUEST GET https://firebase.googleapis.com/v1beta1/projects/red-social-270ac  
 
[debug] [2019-08-19T01:03:23.098Z] <<< HTTP RESPONSE 200
[info] 
[info] === Serving from '/home/rebe_laboratoria/Red_Social_V11'...
[info] 
[debug] [2019-08-19T01:03:23.106Z] >>> HTTP REQUEST GET https://firebase.googleapis.com/v1beta1/projects/red-social-270ac/webApps/-/config  
 
[debug] [2019-08-19T01:03:23.329Z] <<< HTTP RESPONSE 200
[info] i  hosting: Serving hosting files from: src
[info] ✔  hosting: Local server: http://localhost:5000
[debug] [2019-08-19T16:33:41.508Z] ----------------------------------------------------------------------
[debug] [2019-08-19T16:33:41.510Z] Command:       /usr/bin/node /usr/bin/firebase serve
[debug] [2019-08-19T16:33:41.510Z] CLI Version:   7.2.2
[debug] [2019-08-19T16:33:41.510Z] Platform:      linux
[debug] [2019-08-19T16:33:41.510Z] Node Version:  v10.16.2
[debug] [2019-08-19T16:33:41.511Z] Time:          Mon Aug 19 2019 11:33:41 GMT-0500 (GMT-05:00)
[debug] [2019-08-19T16:33:41.511Z] ----------------------------------------------------------------------
[debug] 
[debug] [2019-08-19T16:33:41.551Z] > command requires scopes: ["email","openid","https://www.googleapis.com/auth/cloudplatformprojects.readonly","https://www.googleapis.com/auth/firebase","https://www.googleapis.com/auth/cloud-platform"]
[debug] [2019-08-19T16:33:41.552Z] > authorizing via signed-in user
[debug] [2019-08-19T16:33:41.552Z] [iam] checking project red-social-270ac for permissions ["firebase.projects.get"]
[debug] [2019-08-19T16:33:41.553Z] > refreshing access token with scopes: ["email","https://www.googleapis.com/auth/cloud-platform","https://www.googleapis.com/auth/cloudplatformprojects.readonly","https://www.googleapis.com/auth/firebase","openid"]
[debug] [2019-08-19T16:33:41.554Z] >>> HTTP REQUEST POST https://www.googleapis.com/oauth2/v3/token  
 <request body omitted>
[debug] [2019-08-19T16:33:41.814Z] <<< HTTP RESPONSE 200
[debug] [2019-08-19T16:33:41.857Z] >>> HTTP REQUEST POST https://cloudresourcemanager.googleapis.com/v1/projects/red-social-270ac:testIamPermissions  

[debug] [2019-08-19T16:33:42.383Z] <<< HTTP RESPONSE 200
[debug] [2019-08-19T16:33:42.385Z] >>> HTTP REQUEST GET https://firebase.googleapis.com/v1beta1/projects/red-social-270ac  
 
[debug] [2019-08-19T16:33:42.815Z] <<< HTTP RESPONSE 200
[info] 
[info] === Serving from '/home/rebe_laboratoria/Red_Social_V11'...
[info] 
[debug] [2019-08-19T16:33:42.819Z] >>> HTTP REQUEST GET https://firebase.googleapis.com/v1beta1/projects/red-social-270ac/webApps/-/config  
 
[debug] [2019-08-19T16:33:43.210Z] <<< HTTP RESPONSE 200
[info] i  hosting: Serving hosting files from: src
[info] ✔  hosting: Local server: http://localhost:5000
[debug] [2019-08-19T16:34:55.230Z] ----------------------------------------------------------------------
[debug] [2019-08-19T16:34:55.232Z] Command:       /usr/bin/node /usr/bin/firebase serve
[debug] [2019-08-19T16:34:55.232Z] CLI Version:   7.2.2
[debug] [2019-08-19T16:34:55.232Z] Platform:      linux
[debug] [2019-08-19T16:34:55.232Z] Node Version:  v10.16.2
[debug] [2019-08-19T16:34:55.233Z] Time:          Mon Aug 19 2019 11:34:55 GMT-0500 (GMT-05:00)
[debug] [2019-08-19T16:34:55.233Z] ----------------------------------------------------------------------
[debug] 
[debug] [2019-08-19T16:34:55.239Z] > command requires scopes: ["email","openid","https://www.googleapis.com/auth/cloudplatformprojects.readonly","https://www.googleapis.com/auth/firebase","https://www.googleapis.com/auth/cloud-platform"]
[debug] [2019-08-19T16:34:55.239Z] > authorizing via signed-in user
[debug] [2019-08-19T16:34:55.239Z] [iam] checking project red-social-270ac for permissions ["firebase.projects.get"]
[debug] [2019-08-19T16:34:55.241Z] >>> HTTP REQUEST POST https://cloudresourcemanager.googleapis.com/v1/projects/red-social-270ac:testIamPermissions  

[debug] [2019-08-19T16:34:55.541Z] <<< HTTP RESPONSE 200
[debug] [2019-08-19T16:34:55.544Z] >>> HTTP REQUEST GET https://firebase.googleapis.com/v1beta1/projects/red-social-270ac  
 
[debug] [2019-08-19T16:34:55.860Z] <<< HTTP RESPONSE 200
[info] 
[info] === Serving from '/home/rebe_laboratoria/Red_Social_V11'...
[info] 
[debug] [2019-08-19T16:34:55.864Z] >>> HTTP REQUEST GET https://firebase.googleapis.com/v1beta1/projects/red-social-270ac/webApps/-/config  
 
[debug] [2019-08-19T16:34:56.168Z] <<< HTTP RESPONSE 200
[info] i  hosting: Serving hosting files from: src
[info] ✔  hosting: Local server: http://localhost:5000
[debug] [2019-08-19T16:38:43.935Z] ----------------------------------------------------------------------
[debug] [2019-08-19T16:38:43.937Z] Command:       /usr/bin/node /usr/bin/firebase serve
[debug] [2019-08-19T16:38:43.937Z] CLI Version:   7.2.2
[debug] [2019-08-19T16:38:43.938Z] Platform:      linux
[debug] [2019-08-19T16:38:43.938Z] Node Version:  v10.16.2
[debug] [2019-08-19T16:38:43.938Z] Time:          Mon Aug 19 2019 11:38:43 GMT-0500 (GMT-05:00)
[debug] [2019-08-19T16:38:43.938Z] ----------------------------------------------------------------------
[debug] 
[debug] [2019-08-19T16:38:43.944Z] > command requires scopes: ["email","openid","https://www.googleapis.com/auth/cloudplatformprojects.readonly","https://www.googleapis.com/auth/firebase","https://www.googleapis.com/auth/cloud-platform"]
[debug] [2019-08-19T16:38:43.945Z] > authorizing via signed-in user
[debug] [2019-08-19T16:38:43.945Z] [iam] checking project red-social-270ac for permissions ["firebase.projects.get"]
[debug] [2019-08-19T16:38:43.947Z] >>> HTTP REQUEST POST https://cloudresourcemanager.googleapis.com/v1/projects/red-social-270ac:testIamPermissions  

[debug] [2019-08-19T16:38:44.257Z] <<< HTTP RESPONSE 200
[debug] [2019-08-19T16:38:44.259Z] >>> HTTP REQUEST GET https://firebase.googleapis.com/v1beta1/projects/red-social-270ac  
 
[debug] [2019-08-19T16:38:44.575Z] <<< HTTP RESPONSE 200
[info] 
[info] === Serving from '/home/rebe_laboratoria/Rebeca_repositorios/MEX008-social-network'...
[info] 
[debug] [2019-08-19T16:38:44.579Z] >>> HTTP REQUEST GET https://firebase.googleapis.com/v1beta1/projects/red-social-270ac/webApps/-/config  
 
[debug] [2019-08-19T16:38:44.974Z] <<< HTTP RESPONSE 200
[info] i  hosting: Serving hosting files from: src
[info] ✔  hosting: Local server: http://localhost:5000
